[2022-05-17T02:05:40.088] [ERROR] - 95 nodesdk:DefaultHttpClient:0 some error found: {
  data: undefined,
  status: undefined,
  headers: undefined,
  message: 'connect ECONNREFUSED 49.4.112.6:443',
  config: {
    url: 'https://cce.cn-north-4.myhuaweicloud.com/api/v3/projects/0dd8cb413000906a2fcdc019b5a84546/clusters/f288d212-d299-11ec-8e06-0255ac101534/clustercert',
    method: 'post',
    data: '{"duration":1}',
    headers: {
      Accept: 'application/json',
      'content-type': 'application/json',
      'X-Project-Id': '0dd8cb413000906a2fcdc019b5a84546',
      'Content-Type': 'application/json',
      'X-Sdk-Date': '20220517T020518Z',
      host: 'cce.cn-north-4.myhuaweicloud.com',
      Authorization: 'SDK-HMAC-SHA256 Access=KH1ZG9RRPPPANUWQKQA, SignedHeaders=content-type;host;x-project-id;x-sdk-date, Signature=70dcb23682f7635eb7b68d6f5e9da9692053591ef59f4ad53edf7755144f75ea',
      'User-Agent': 'huaweicloud-usdk-nodejs/3.0',
      'Content-Length': 14
    },
    proxy: false,
    params: {},
    transformRequest: [ [Function: bound ] ],
    transformResponse: [ [Function: transformResponse] ],
    paramsSerializer: [Function: paramsSerializer],
    timeout: 0,
    adapter: [Function: httpAdapter],
    xsrfCookieName: 'XSRF-TOKEN',
    xsrfHeaderName: 'X-XSRF-TOKEN',
    maxContentLength: Infinity,
    maxBodyLength: -1,
    validateStatus: [Function: validateStatus],
    transitional: {
      silentJSONParsing: true,
      forcedJSONParsing: true,
      clarifyTimeoutError: false
    }
  },
  originalError: Error: connect ECONNREFUSED 49.4.112.6:443
      at TCPConnectWrap.afterConnect [as oncomplete] (node:net:1187:16) {
    errno: -111,
    code: 'ECONNREFUSED',
    syscall: 'connect',
    address: '49.4.112.6',
    port: 443,
    config: {
      url: 'https://cce.cn-north-4.myhuaweicloud.com/api/v3/projects/0dd8cb413000906a2fcdc019b5a84546/clusters/f288d212-d299-11ec-8e06-0255ac101534/clustercert',
      method: 'post',
      data: '{"duration":1}',
      headers: [Object],
      proxy: false,
      params: {},
      transformRequest: [Array],
      transformResponse: [Array],
      paramsSerializer: [Function: paramsSerializer],
      timeout: 0,
      adapter: [Function: httpAdapter],
      xsrfCookieName: 'XSRF-TOKEN',
      xsrfHeaderName: 'X-XSRF-TOKEN',
      maxContentLength: Infinity,
      maxBodyLength: -1,
      validateStatus: [Function: validateStatus],
      transitional: [Object]
    },
    request: Writable {
      _writableState: [WritableState],
      _events: [Object: null prototype],
      _eventsCount: 2,
      _maxListeners: undefined,
      _options: [Object],
      _ended: false,
      _ending: true,
      _redirectCount: 0,
      _redirects: [],
      _requestBodyLength: 14,
      _requestBodyBuffers: [Array],
      _onNativeResponse: [Function (anonymous)],
      _currentRequest: [ClientRequest],
      _currentUrl: 'https://cce.cn-north-4.myhuaweicloud.com/api/v3/projects/0dd8cb413000906a2fcdc019b5a84546/clusters/f288d212-d299-11ec-8e06-0255ac101534/clustercert',
      [Symbol(kCapture)]: false
    },
    response: undefined,
    isAxiosError: true,
    toJSON: [Function: toJSON]
  },
  requestId: undefined
}

[2022-05-17T03:24:03.134] [ERROR] - 95 nodesdk:DefaultHttpClient:0 some error found: {
  data: undefined,
  status: undefined,
  headers: undefined,
  message: 'connect ECONNREFUSED 49.4.112.6:443',
  config: {
    url: 'https://cce.cn-north-4.myhuaweicloud.com/api/v3/projects/0dd8cb413000906a2fcdc019b5a84546/clusters/f288d212-d299-11ec-8e06-0255ac101534/clustercert',
    method: 'post',
    data: '{"duration":1}',
    headers: {
      Accept: 'application/json',
      'content-type': 'application/json',
      'X-Project-Id': '0dd8cb413000906a2fcdc019b5a84546',
      'Content-Type': 'application/json',
      'X-Sdk-Date': '20220517T032341Z',
      host: 'cce.cn-north-4.myhuaweicloud.com',
      Authorization: 'SDK-HMAC-SHA256 Access=KH1ZG9RRPPPANUWQKQA, SignedHeaders=content-type;host;x-project-id;x-sdk-date, Signature=638b7ace4c7d4d7892dea86dae24b8fa8d77cb8d7bb6ce912e60ac09d01f824b',
      'User-Agent': 'huaweicloud-usdk-nodejs/3.0',
      'Content-Length': 14
    },
    proxy: false,
    params: {},
    transformRequest: [ [Function: bound ] ],
    transformResponse: [ [Function: transformResponse] ],
    paramsSerializer: [Function: paramsSerializer],
    timeout: 0,
    adapter: [Function: httpAdapter],
    xsrfCookieName: 'XSRF-TOKEN',
    xsrfHeaderName: 'X-XSRF-TOKEN',
    maxContentLength: Infinity,
    maxBodyLength: -1,
    validateStatus: [Function: validateStatus],
    transitional: {
      silentJSONParsing: true,
      forcedJSONParsing: true,
      clarifyTimeoutError: false
    }
  },
  originalError: Error: connect ECONNREFUSED 49.4.112.6:443
      at TCPConnectWrap.afterConnect [as oncomplete] (node:net:1187:16) {
    errno: -111,
    code: 'ECONNREFUSED',
    syscall: 'connect',
    address: '49.4.112.6',
    port: 443,
    config: {
      url: 'https://cce.cn-north-4.myhuaweicloud.com/api/v3/projects/0dd8cb413000906a2fcdc019b5a84546/clusters/f288d212-d299-11ec-8e06-0255ac101534/clustercert',
      method: 'post',
      data: '{"duration":1}',
      headers: [Object],
      proxy: false,
      params: {},
      transformRequest: [Array],
      transformResponse: [Array],
      paramsSerializer: [Function: paramsSerializer],
      timeout: 0,
      adapter: [Function: httpAdapter],
      xsrfCookieName: 'XSRF-TOKEN',
      xsrfHeaderName: 'X-XSRF-TOKEN',
      maxContentLength: Infinity,
      maxBodyLength: -1,
      validateStatus: [Function: validateStatus],
      transitional: [Object]
    },
    request: Writable {
      _writableState: [WritableState],
      _events: [Object: null prototype],
      _eventsCount: 2,
      _maxListeners: undefined,
      _options: [Object],
      _ended: false,
      _ending: true,
      _redirectCount: 0,
      _redirects: [],
      _requestBodyLength: 14,
      _requestBodyBuffers: [Array],
      _onNativeResponse: [Function (anonymous)],
      _currentRequest: [ClientRequest],
      _currentUrl: 'https://cce.cn-north-4.myhuaweicloud.com/api/v3/projects/0dd8cb413000906a2fcdc019b5a84546/clusters/f288d212-d299-11ec-8e06-0255ac101534/clustercert',
      [Symbol(kCapture)]: false
    },
    response: undefined,
    isAxiosError: true,
    toJSON: [Function: toJSON]
  },
  requestId: undefined
}

[2022-05-17T03:45:37.954] [ERROR] - 95 nodesdk:DefaultHttpClient:0 some error found: {
  data: undefined,
  status: undefined,
  headers: undefined,
  message: 'connect ECONNREFUSED 49.4.112.6:443',
  config: {
    url: 'https://cce.cn-north-4.myhuaweicloud.com/api/v3/projects/0dd8cb413000906a2fcdc019b5a84546/clusters/f288d212-d299-11ec-8e06-0255ac101534/clustercert',
    method: 'post',
    data: '{"duration":1}',
    headers: {
      Accept: 'application/json',
      'content-type': 'application/json',
      'X-Project-Id': '0dd8cb413000906a2fcdc019b5a84546',
      'Content-Type': 'application/json',
      'X-Sdk-Date': '20220517T034516Z',
      host: 'cce.cn-north-4.myhuaweicloud.com',
      Authorization: 'SDK-HMAC-SHA256 Access=KH1ZG9RRPPPANUWQKQA, SignedHeaders=content-type;host;x-project-id;x-sdk-date, Signature=ae5291aad6fcc4a508e34f83c51cebfb8c23300d82685c5b797e12e1af8fe71f',
      'User-Agent': 'huaweicloud-usdk-nodejs/3.0',
      'Content-Length': 14
    },
    proxy: false,
    params: {},
    transformRequest: [ [Function: bound ] ],
    transformResponse: [ [Function: transformResponse] ],
    paramsSerializer: [Function: paramsSerializer],
    timeout: 0,
    adapter: [Function: httpAdapter],
    xsrfCookieName: 'XSRF-TOKEN',
    xsrfHeaderName: 'X-XSRF-TOKEN',
    maxContentLength: Infinity,
    maxBodyLength: -1,
    validateStatus: [Function: validateStatus],
    transitional: {
      silentJSONParsing: true,
      forcedJSONParsing: true,
      clarifyTimeoutError: false
    }
  },
  originalError: Error: connect ECONNREFUSED 49.4.112.6:443
      at TCPConnectWrap.afterConnect [as oncomplete] (node:net:1187:16) {
    errno: -111,
    code: 'ECONNREFUSED',
    syscall: 'connect',
    address: '49.4.112.6',
    port: 443,
    config: {
      url: 'https://cce.cn-north-4.myhuaweicloud.com/api/v3/projects/0dd8cb413000906a2fcdc019b5a84546/clusters/f288d212-d299-11ec-8e06-0255ac101534/clustercert',
      method: 'post',
      data: '{"duration":1}',
      headers: [Object],
      proxy: false,
      params: {},
      transformRequest: [Array],
      transformResponse: [Array],
      paramsSerializer: [Function: paramsSerializer],
      timeout: 0,
      adapter: [Function: httpAdapter],
      xsrfCookieName: 'XSRF-TOKEN',
      xsrfHeaderName: 'X-XSRF-TOKEN',
      maxContentLength: Infinity,
      maxBodyLength: -1,
      validateStatus: [Function: validateStatus],
      transitional: [Object]
    },
    request: Writable {
      _writableState: [WritableState],
      _events: [Object: null prototype],
      _eventsCount: 2,
      _maxListeners: undefined,
      _options: [Object],
      _ended: false,
      _ending: true,
      _redirectCount: 0,
      _redirects: [],
      _requestBodyLength: 14,
      _requestBodyBuffers: [Array],
      _onNativeResponse: [Function (anonymous)],
      _currentRequest: [ClientRequest],
      _currentUrl: 'https://cce.cn-north-4.myhuaweicloud.com/api/v3/projects/0dd8cb413000906a2fcdc019b5a84546/clusters/f288d212-d299-11ec-8e06-0255ac101534/clustercert',
      [Symbol(kCapture)]: false
    },
    response: undefined,
    isAxiosError: true,
    toJSON: [Function: toJSON]
  },
  requestId: undefined
}

[2022-05-17T06:33:17.970] [ERROR] - 95 nodesdk:DefaultHttpClient:0 some error found: {
  data: undefined,
  status: undefined,
  headers: undefined,
  message: 'connect ECONNREFUSED 49.4.112.6:443',
  config: {
    url: 'https://cce.cn-north-4.myhuaweicloud.com/api/v3/projects/0dd8cb413000906a2fcdc019b5a84546/clusters/f288d212-d299-11ec-8e06-0255ac101534/clustercert',
    method: 'post',
    data: '{"duration":1}',
    headers: {
      Accept: 'application/json',
      'content-type': 'application/json',
      'X-Project-Id': '0dd8cb413000906a2fcdc019b5a84546',
      'Content-Type': 'application/json',
      'X-Sdk-Date': '20220517T063256Z',
      host: 'cce.cn-north-4.myhuaweicloud.com',
      Authorization: 'SDK-HMAC-SHA256 Access=KH1ZG9RRPPPANUWQKQA, SignedHeaders=content-type;host;x-project-id;x-sdk-date, Signature=bf40bfd679d0e98d988d7297a6d64dacf7cdf2a49038f213e501beb7422a9b6f',
      'User-Agent': 'huaweicloud-usdk-nodejs/3.0',
      'Content-Length': 14
    },
    proxy: false,
    params: {},
    transformRequest: [ [Function: bound ] ],
    transformResponse: [ [Function: transformResponse] ],
    paramsSerializer: [Function: paramsSerializer],
    timeout: 0,
    adapter: [Function: httpAdapter],
    xsrfCookieName: 'XSRF-TOKEN',
    xsrfHeaderName: 'X-XSRF-TOKEN',
    maxContentLength: Infinity,
    maxBodyLength: -1,
    validateStatus: [Function: validateStatus],
    transitional: {
      silentJSONParsing: true,
      forcedJSONParsing: true,
      clarifyTimeoutError: false
    }
  },
  originalError: Error: connect ECONNREFUSED 49.4.112.6:443
      at TCPConnectWrap.afterConnect [as oncomplete] (node:net:1187:16) {
    errno: -111,
    code: 'ECONNREFUSED',
    syscall: 'connect',
    address: '49.4.112.6',
    port: 443,
    config: {
      url: 'https://cce.cn-north-4.myhuaweicloud.com/api/v3/projects/0dd8cb413000906a2fcdc019b5a84546/clusters/f288d212-d299-11ec-8e06-0255ac101534/clustercert',
      method: 'post',
      data: '{"duration":1}',
      headers: [Object],
      proxy: false,
      params: {},
      transformRequest: [Array],
      transformResponse: [Array],
      paramsSerializer: [Function: paramsSerializer],
      timeout: 0,
      adapter: [Function: httpAdapter],
      xsrfCookieName: 'XSRF-TOKEN',
      xsrfHeaderName: 'X-XSRF-TOKEN',
      maxContentLength: Infinity,
      maxBodyLength: -1,
      validateStatus: [Function: validateStatus],
      transitional: [Object]
    },
    request: Writable {
      _writableState: [WritableState],
      _events: [Object: null prototype],
      _eventsCount: 2,
      _maxListeners: undefined,
      _options: [Object],
      _ended: false,
      _ending: true,
      _redirectCount: 0,
      _redirects: [],
      _requestBodyLength: 14,
      _requestBodyBuffers: [Array],
      _onNativeResponse: [Function (anonymous)],
      _currentRequest: [ClientRequest],
      _currentUrl: 'https://cce.cn-north-4.myhuaweicloud.com/api/v3/projects/0dd8cb413000906a2fcdc019b5a84546/clusters/f288d212-d299-11ec-8e06-0255ac101534/clustercert',
      [Symbol(kCapture)]: false
    },
    response: undefined,
    isAxiosError: true,
    toJSON: [Function: toJSON]
  },
  requestId: undefined
}

[2022-05-17T06:36:17.745] [ERROR] - 95 nodesdk:DefaultHttpClient:0 some error found: {
  data: undefined,
  status: undefined,
  headers: undefined,
  message: 'connect ECONNREFUSED 49.4.112.6:443',
  config: {
    url: 'https://cce.cn-north-4.myhuaweicloud.com/api/v3/projects/0dd8cb413000906a2fcdc019b5a84546/clusters/f288d212-d299-11ec-8e06-0255ac101534/clustercert',
    method: 'post',
    data: '{"duration":1}',
    headers: {
      Accept: 'application/json',
      'content-type': 'application/json',
      'X-Project-Id': '0dd8cb413000906a2fcdc019b5a84546',
      'Content-Type': 'application/json',
      'X-Sdk-Date': '20220517T063556Z',
      host: 'cce.cn-north-4.myhuaweicloud.com',
      Authorization: 'SDK-HMAC-SHA256 Access=KH1ZG9RRPPPANUWQKQA, SignedHeaders=content-type;host;x-project-id;x-sdk-date, Signature=ee3643181f8d95398edffd9e896058d2438b6d4dad78d36e9323caa568acdfcb',
      'User-Agent': 'huaweicloud-usdk-nodejs/3.0',
      'Content-Length': 14
    },
    proxy: false,
    params: {},
    transformRequest: [ [Function: bound ] ],
    transformResponse: [ [Function: transformResponse] ],
    paramsSerializer: [Function: paramsSerializer],
    timeout: 0,
    adapter: [Function: httpAdapter],
    xsrfCookieName: 'XSRF-TOKEN',
    xsrfHeaderName: 'X-XSRF-TOKEN',
    maxContentLength: Infinity,
    maxBodyLength: -1,
    validateStatus: [Function: validateStatus],
    transitional: {
      silentJSONParsing: true,
      forcedJSONParsing: true,
      clarifyTimeoutError: false
    }
  },
  originalError: Error: connect ECONNREFUSED 49.4.112.6:443
      at TCPConnectWrap.afterConnect [as oncomplete] (node:net:1187:16) {
    errno: -111,
    code: 'ECONNREFUSED',
    syscall: 'connect',
    address: '49.4.112.6',
    port: 443,
    config: {
      url: 'https://cce.cn-north-4.myhuaweicloud.com/api/v3/projects/0dd8cb413000906a2fcdc019b5a84546/clusters/f288d212-d299-11ec-8e06-0255ac101534/clustercert',
      method: 'post',
      data: '{"duration":1}',
      headers: [Object],
      proxy: false,
      params: {},
      transformRequest: [Array],
      transformResponse: [Array],
      paramsSerializer: [Function: paramsSerializer],
      timeout: 0,
      adapter: [Function: httpAdapter],
      xsrfCookieName: 'XSRF-TOKEN',
      xsrfHeaderName: 'X-XSRF-TOKEN',
      maxContentLength: Infinity,
      maxBodyLength: -1,
      validateStatus: [Function: validateStatus],
      transitional: [Object]
    },
    request: Writable {
      _writableState: [WritableState],
      _events: [Object: null prototype],
      _eventsCount: 2,
      _maxListeners: undefined,
      _options: [Object],
      _ended: false,
      _ending: true,
      _redirectCount: 0,
      _redirects: [],
      _requestBodyLength: 14,
      _requestBodyBuffers: [Array],
      _onNativeResponse: [Function (anonymous)],
      _currentRequest: [ClientRequest],
      _currentUrl: 'https://cce.cn-north-4.myhuaweicloud.com/api/v3/projects/0dd8cb413000906a2fcdc019b5a84546/clusters/f288d212-d299-11ec-8e06-0255ac101534/clustercert',
      [Symbol(kCapture)]: false
    },
    response: undefined,
    isAxiosError: true,
    toJSON: [Function: toJSON]
  },
  requestId: undefined
}

[2022-05-17T06:40:07.519] [ERROR] - 95 nodesdk:DefaultHttpClient:0 some error found: {
  data: undefined,
  status: undefined,
  headers: undefined,
  message: 'connect ECONNREFUSED 49.4.112.6:443',
  config: {
    url: 'https://cce.cn-north-4.myhuaweicloud.com/api/v3/projects/0dd8cb413000906a2fcdc019b5a84546/clusters/f288d212-d299-11ec-8e06-0255ac101534/clustercert',
    method: 'post',
    data: '{"duration":1}',
    headers: {
      Accept: 'application/json',
      'content-type': 'application/json',
      'X-Project-Id': '0dd8cb413000906a2fcdc019b5a84546',
      'Content-Type': 'application/json',
      'X-Sdk-Date': '20220517T063946Z',
      host: 'cce.cn-north-4.myhuaweicloud.com',
      Authorization: 'SDK-HMAC-SHA256 Access=KH1ZG9RRPPPANUWQKQA, SignedHeaders=content-type;host;x-project-id;x-sdk-date, Signature=f530efa340790e87cb4846dec099a832cc6e814d2404adb6bffe257783da11f3',
      'User-Agent': 'huaweicloud-usdk-nodejs/3.0',
      'Content-Length': 14
    },
    proxy: false,
    params: {},
    transformRequest: [ [Function: bound ] ],
    transformResponse: [ [Function: transformResponse] ],
    paramsSerializer: [Function: paramsSerializer],
    timeout: 0,
    adapter: [Function: httpAdapter],
    xsrfCookieName: 'XSRF-TOKEN',
    xsrfHeaderName: 'X-XSRF-TOKEN',
    maxContentLength: Infinity,
    maxBodyLength: -1,
    validateStatus: [Function: validateStatus],
    transitional: {
      silentJSONParsing: true,
      forcedJSONParsing: true,
      clarifyTimeoutError: false
    }
  },
  originalError: Error: connect ECONNREFUSED 49.4.112.6:443
      at TCPConnectWrap.afterConnect [as oncomplete] (node:net:1187:16) {
    errno: -111,
    code: 'ECONNREFUSED',
    syscall: 'connect',
    address: '49.4.112.6',
    port: 443,
    config: {
      url: 'https://cce.cn-north-4.myhuaweicloud.com/api/v3/projects/0dd8cb413000906a2fcdc019b5a84546/clusters/f288d212-d299-11ec-8e06-0255ac101534/clustercert',
      method: 'post',
      data: '{"duration":1}',
      headers: [Object],
      proxy: false,
      params: {},
      transformRequest: [Array],
      transformResponse: [Array],
      paramsSerializer: [Function: paramsSerializer],
      timeout: 0,
      adapter: [Function: httpAdapter],
      xsrfCookieName: 'XSRF-TOKEN',
      xsrfHeaderName: 'X-XSRF-TOKEN',
      maxContentLength: Infinity,
      maxBodyLength: -1,
      validateStatus: [Function: validateStatus],
      transitional: [Object]
    },
    request: Writable {
      _writableState: [WritableState],
      _events: [Object: null prototype],
      _eventsCount: 2,
      _maxListeners: undefined,
      _options: [Object],
      _ended: false,
      _ending: true,
      _redirectCount: 0,
      _redirects: [],
      _requestBodyLength: 14,
      _requestBodyBuffers: [Array],
      _onNativeResponse: [Function (anonymous)],
      _currentRequest: [ClientRequest],
      _currentUrl: 'https://cce.cn-north-4.myhuaweicloud.com/api/v3/projects/0dd8cb413000906a2fcdc019b5a84546/clusters/f288d212-d299-11ec-8e06-0255ac101534/clustercert',
      [Symbol(kCapture)]: false
    },
    response: undefined,
    isAxiosError: true,
    toJSON: [Function: toJSON]
  },
  requestId: undefined
}

[2022-05-17T08:59:05.454] [ERROR] - 95 nodesdk:DefaultHttpClient:0 some error found: {
  data: {
    error_msg: 'Incorrect IAM authentication information: ak KH1ZG9RRPPPANUWQKQA not exist',
    error_code: 'APIGW.0301',
    request_id: '4fe05a5fd9f55c85685a6621a61ec4c8'
  },
  status: 401,
  headers: {
    date: 'Tue, 17 May 2022 08:59:05 GMT',
    'content-type': 'application/json',
    'transfer-encoding': 'chunked',
    connection: 'close',
    server: 'api-gateway',
    'x-request-id': '4fe05a5fd9f55c85685a6621a61ec4c8'
  },
  message: 'Request failed with status code 401',
  config: {
    url: 'https://cce.cn-north-7.myhuaweicloud.com/api/v3/projects/0dd8cb413000906a2fcdc019b5a84546/clusters/f288d212-d299-11ec-8e06-0255ac101534/clustercert',
    method: 'post',
    data: '{"duration":1}',
    headers: {
      Accept: 'application/json',
      'content-type': 'application/json',
      'X-Project-Id': '0dd8cb413000906a2fcdc019b5a84546',
      'Content-Type': 'application/json',
      'X-Sdk-Date': '20220517T085905Z',
      host: 'cce.cn-north-7.myhuaweicloud.com',
      Authorization: 'SDK-HMAC-SHA256 Access=KH1ZG9RRPPPANUWQKQA, SignedHeaders=content-type;host;x-project-id;x-sdk-date, Signature=b370cc196b24c76717c9b09784e7ba5f66f2dffb225c78fe6f780e57533358d7',
      'User-Agent': 'huaweicloud-usdk-nodejs/3.0',
      'Content-Length': 14
    },
    proxy: false,
    params: {},
    transformRequest: [ [Function: bound ] ],
    transformResponse: [ [Function: transformResponse] ],
    paramsSerializer: [Function: paramsSerializer],
    timeout: 0,
    adapter: [Function: httpAdapter],
    xsrfCookieName: 'XSRF-TOKEN',
    xsrfHeaderName: 'X-XSRF-TOKEN',
    maxContentLength: Infinity,
    maxBodyLength: -1,
    validateStatus: [Function: validateStatus],
    transitional: {
      silentJSONParsing: true,
      forcedJSONParsing: true,
      clarifyTimeoutError: false
    }
  },
  originalError: Error: Request failed with status code 401
      at createError (/mnt/d/git_test_dept/workflowAndActions/cce-credential-action/node_modules/axios/lib/core/createError.js:16:1)
      at settle (/mnt/d/git_test_dept/workflowAndActions/cce-credential-action/node_modules/axios/lib/core/settle.js:17:1)
      at IncomingMessage.handleStreamEnd (/mnt/d/git_test_dept/workflowAndActions/cce-credential-action/node_modules/axios/lib/adapters/http.js:269:1)
      at IncomingMessage.emit (node:events:539:35)
      at endReadableNT (node:internal/streams/readable:1345:12)
      at processTicksAndRejections (node:internal/process/task_queues:83:21) {
    config: {
      url: 'https://cce.cn-north-7.myhuaweicloud.com/api/v3/projects/0dd8cb413000906a2fcdc019b5a84546/clusters/f288d212-d299-11ec-8e06-0255ac101534/clustercert',
      method: 'post',
      data: '{"duration":1}',
      headers: [Object],
      proxy: false,
      params: {},
      transformRequest: [Array],
      transformResponse: [Array],
      paramsSerializer: [Function: paramsSerializer],
      timeout: 0,
      adapter: [Function: httpAdapter],
      xsrfCookieName: 'XSRF-TOKEN',
      xsrfHeaderName: 'X-XSRF-TOKEN',
      maxContentLength: Infinity,
      maxBodyLength: -1,
      validateStatus: [Function: validateStatus],
      transitional: [Object]
    },
    request: ClientRequest {
      _events: [Object: null prototype],
      _eventsCount: 7,
      _maxListeners: undefined,
      outputData: [],
      outputSize: 0,
      writable: true,
      destroyed: false,
      _last: true,
      chunkedEncoding: false,
      shouldKeepAlive: false,
      maxRequestsOnConnectionReached: false,
      _defaultKeepAlive: true,
      useChunkedEncodingByDefault: true,
      sendDate: false,
      _removedConnection: false,
      _removedContLen: false,
      _removedTE: false,
      _contentLength: null,
      _hasBody: true,
      _trailer: '',
      finished: true,
      _headerSent: true,
      _closed: false,
      socket: [TLSSocket],
      _header: 'POST /api/v3/projects/0dd8cb413000906a2fcdc019b5a84546/clusters/f288d212-d299-11ec-8e06-0255ac101534/clustercert HTTP/1.1\r\n' +
        'Accept: application/json\r\n' +
        'Content-Type: application/json\r\n' +
        'X-Project-Id: 0dd8cb413000906a2fcdc019b5a84546\r\n' +
        'X-Sdk-Date: 20220517T085905Z\r\n' +
        'host: cce.cn-north-7.myhuaweicloud.com\r\n' +
        'Authorization: SDK-HMAC-SHA256 Access=KH1ZG9RRPPPANUWQKQA, SignedHeaders=content-type;host;x-project-id;x-sdk-date, Signature=b370cc196b24c76717c9b09784e7ba5f66f2dffb225c78fe6f780e57533358d7\r\n' +
        'User-Agent: huaweicloud-usdk-nodejs/3.0\r\n' +
        'Content-Length: 14\r\n' +
        'Connection: close\r\n' +
        '\r\n',
      _keepAliveTimeout: 0,
      _onPendingData: [Function: nop],
      agent: [Agent],
      socketPath: undefined,
      method: 'POST',
      maxHeaderSize: undefined,
      insecureHTTPParser: undefined,
      path: '/api/v3/projects/0dd8cb413000906a2fcdc019b5a84546/clusters/f288d212-d299-11ec-8e06-0255ac101534/clustercert',
      _ended: true,
      res: [IncomingMessage],
      aborted: false,
      timeoutCb: null,
      upgradeOrConnect: false,
      parser: null,
      maxHeadersCount: null,
      reusedSocket: false,
      host: 'cce.cn-north-7.myhuaweicloud.com',
      protocol: 'https:',
      _redirectable: [Writable],
      [Symbol(kCapture)]: false,
      [Symbol(kNeedDrain)]: false,
      [Symbol(corked)]: 0,
      [Symbol(kOutHeaders)]: [Object: null prototype]
    },
    response: {
      status: 401,
      statusText: 'Unauthorized',
      headers: [Object],
      config: [Object],
      request: [ClientRequest],
      data: [Object]
    },
    isAxiosError: true,
    toJSON: [Function: toJSON]
  },
  requestId: '4fe05a5fd9f55c85685a6621a61ec4c8'
}

[2022-05-17T09:37:54.608] [ERROR] - 95 nodesdk:DefaultHttpClient:0 some error found: {
  data: undefined,
  status: undefined,
  headers: undefined,
  message: 'connect ECONNREFUSED 49.4.112.6:443',
  config: {
    url: 'https://cce.cn-north-4.myhuaweicloud.com/api/v3/projects/0dd8cb413000906a2fcdc019b5a84546/clusters/f288d212-d299-11ec-8e06-0255ac101534/clustercert',
    method: 'post',
    data: '{"duration":1}',
    headers: {
      Accept: 'application/json',
      'content-type': 'application/json',
      'X-Project-Id': '0dd8cb413000906a2fcdc019b5a84546',
      'Content-Type': 'application/json',
      'X-Sdk-Date': '20220517T093733Z',
      host: 'cce.cn-north-4.myhuaweicloud.com',
      Authorization: 'SDK-HMAC-SHA256 Access=KH1ZG9RRPPPANUWQKQA, SignedHeaders=content-type;host;x-project-id;x-sdk-date, Signature=7993fce73b3ebb7ca9837a86bc1aebeb658ce65c3d1a65ae5e358ee6f1e44960',
      'User-Agent': 'huaweicloud-usdk-nodejs/3.0',
      'Content-Length': 14
    },
    proxy: false,
    params: {},
    transformRequest: [ [Function: bound ] ],
    transformResponse: [ [Function: transformResponse] ],
    paramsSerializer: [Function: paramsSerializer],
    timeout: 0,
    adapter: [Function: httpAdapter],
    xsrfCookieName: 'XSRF-TOKEN',
    xsrfHeaderName: 'X-XSRF-TOKEN',
    maxContentLength: Infinity,
    maxBodyLength: -1,
    validateStatus: [Function: validateStatus],
    transitional: {
      silentJSONParsing: true,
      forcedJSONParsing: true,
      clarifyTimeoutError: false
    }
  },
  originalError: Error: connect ECONNREFUSED 49.4.112.6:443
      at TCPConnectWrap.afterConnect [as oncomplete] (node:net:1187:16) {
    errno: -111,
    code: 'ECONNREFUSED',
    syscall: 'connect',
    address: '49.4.112.6',
    port: 443,
    config: {
      url: 'https://cce.cn-north-4.myhuaweicloud.com/api/v3/projects/0dd8cb413000906a2fcdc019b5a84546/clusters/f288d212-d299-11ec-8e06-0255ac101534/clustercert',
      method: 'post',
      data: '{"duration":1}',
      headers: [Object],
      proxy: false,
      params: {},
      transformRequest: [Array],
      transformResponse: [Array],
      paramsSerializer: [Function: paramsSerializer],
      timeout: 0,
      adapter: [Function: httpAdapter],
      xsrfCookieName: 'XSRF-TOKEN',
      xsrfHeaderName: 'X-XSRF-TOKEN',
      maxContentLength: Infinity,
      maxBodyLength: -1,
      validateStatus: [Function: validateStatus],
      transitional: [Object]
    },
    request: Writable {
      _writableState: [WritableState],
      _events: [Object: null prototype],
      _eventsCount: 2,
      _maxListeners: undefined,
      _options: [Object],
      _ended: false,
      _ending: true,
      _redirectCount: 0,
      _redirects: [],
      _requestBodyLength: 14,
      _requestBodyBuffers: [Array],
      _onNativeResponse: [Function (anonymous)],
      _currentRequest: [ClientRequest],
      _currentUrl: 'https://cce.cn-north-4.myhuaweicloud.com/api/v3/projects/0dd8cb413000906a2fcdc019b5a84546/clusters/f288d212-d299-11ec-8e06-0255ac101534/clustercert',
      [Symbol(kCapture)]: false
    },
    response: undefined,
    isAxiosError: true,
    toJSON: [Function: toJSON]
  },
  requestId: undefined
}

[2022-05-17T09:43:16.221] [ERROR] - 95 nodesdk:DefaultHttpClient:0 some error found: {
  data: undefined,
  status: undefined,
  headers: undefined,
  message: 'connect ECONNREFUSED 49.4.112.6:443',
  config: {
    url: 'https://cce.cn-north-4.myhuaweicloud.com/api/v3/projects/0dd8cb413000906a2fcdc019b5a84546/clusters/f288d212-d299-11ec-8e06-0255ac101534/clustercert',
    method: 'post',
    data: '{"duration":1}',
    headers: {
      Accept: 'application/json',
      'content-type': 'application/json',
      'X-Project-Id': '0dd8cb413000906a2fcdc019b5a84546',
      'Content-Type': 'application/json',
      'X-Sdk-Date': '20220517T094254Z',
      host: 'cce.cn-north-4.myhuaweicloud.com',
      Authorization: 'SDK-HMAC-SHA256 Access=KH1ZG9RRPPPANUWQKQA, SignedHeaders=content-type;host;x-project-id;x-sdk-date, Signature=0935437e035ce7472c9c2e24e0c9ea614f00ccda7e22562b296f128f9fa5d725',
      'User-Agent': 'huaweicloud-usdk-nodejs/3.0',
      'Content-Length': 14
    },
    proxy: false,
    params: {},
    transformRequest: [ [Function: bound ] ],
    transformResponse: [ [Function: transformResponse] ],
    paramsSerializer: [Function: paramsSerializer],
    timeout: 0,
    adapter: [Function: httpAdapter],
    xsrfCookieName: 'XSRF-TOKEN',
    xsrfHeaderName: 'X-XSRF-TOKEN',
    maxContentLength: Infinity,
    maxBodyLength: -1,
    validateStatus: [Function: validateStatus],
    transitional: {
      silentJSONParsing: true,
      forcedJSONParsing: true,
      clarifyTimeoutError: false
    }
  },
  originalError: Error: connect ECONNREFUSED 49.4.112.6:443
      at TCPConnectWrap.afterConnect [as oncomplete] (node:net:1187:16) {
    errno: -111,
    code: 'ECONNREFUSED',
    syscall: 'connect',
    address: '49.4.112.6',
    port: 443,
    config: {
      url: 'https://cce.cn-north-4.myhuaweicloud.com/api/v3/projects/0dd8cb413000906a2fcdc019b5a84546/clusters/f288d212-d299-11ec-8e06-0255ac101534/clustercert',
      method: 'post',
      data: '{"duration":1}',
      headers: [Object],
      proxy: false,
      params: {},
      transformRequest: [Array],
      transformResponse: [Array],
      paramsSerializer: [Function: paramsSerializer],
      timeout: 0,
      adapter: [Function: httpAdapter],
      xsrfCookieName: 'XSRF-TOKEN',
      xsrfHeaderName: 'X-XSRF-TOKEN',
      maxContentLength: Infinity,
      maxBodyLength: -1,
      validateStatus: [Function: validateStatus],
      transitional: [Object]
    },
    request: Writable {
      _writableState: [WritableState],
      _events: [Object: null prototype],
      _eventsCount: 2,
      _maxListeners: undefined,
      _options: [Object],
      _ended: false,
      _ending: true,
      _redirectCount: 0,
      _redirects: [],
      _requestBodyLength: 14,
      _requestBodyBuffers: [Array],
      _onNativeResponse: [Function (anonymous)],
      _currentRequest: [ClientRequest],
      _currentUrl: 'https://cce.cn-north-4.myhuaweicloud.com/api/v3/projects/0dd8cb413000906a2fcdc019b5a84546/clusters/f288d212-d299-11ec-8e06-0255ac101534/clustercert',
      [Symbol(kCapture)]: false
    },
    response: undefined,
    isAxiosError: true,
    toJSON: [Function: toJSON]
  },
  requestId: undefined
}

